0 info it worked if it ends with ok
1 verbose cli [ 'D:\\Program Files\\nodejs\\node.exe',
1 verbose cli   'C:\\Users\\admin\\AppData\\Roaming\\npm\\node_modules\\npm\\bin\\npm-cli.js',
1 verbose cli   'run',
1 verbose cli   'dev' ]
2 info using npm@3.10.8
3 info using node@v6.7.0
4 verbose run-script [ 'predev', 'dev', 'postdev' ]
5 info lifecycle blog@1.0.0~predev: blog@1.0.0
6 silly lifecycle blog@1.0.0~predev: no script for predev, continuing
7 info lifecycle blog@1.0.0~dev: blog@1.0.0
8 verbose lifecycle blog@1.0.0~dev: unsafe-perm in lifecycle true
9 verbose lifecycle blog@1.0.0~dev: PATH: C:\Users\admin\AppData\Roaming\npm\node_modules\npm\bin\node-gyp-bin;D:\react-blog\node_modules\.bin;C:\Users\admin\AppData\Roaming\npm;D:\Program Files\nodejs\;D:\AppCanStudioEnterpriseV4.0\AppCanStudioEnterpriseV4.0\AppCan-IDE\jre\bin\;D:\AppCanStudioEnterpriseV4.0\AppCanStudioEnterpriseV4.0\HDK\emulator\mas\;;d:\AppCan\AppCanStudioPersonalV3.2\HDK\emulator\mas\;C:\Program Files (x86)\Intel\iCLS Client\;C:\Program Files\Intel\iCLS Client\;C:\WINDOWS\system32;C:\WINDOWS;C:\WINDOWS\System32\Wbem;C:\WINDOWS\System32\WindowsPowerShell\v1.0\;C:\Program Files (x86)\Intel\Intel(R) Management Engine Components\DAL;C:\Program Files (x86)\Intel\Intel(R) Management Engine Components\IPT;C:\Program Files\Intel\Intel(R) Management Engine Components\DAL;C:\Python34;C:\Program Files\TortoiseGit\bin;d:\Program Files (x86)\OpenVPN\bin;D:\Program Files\nodejs\;D:\Program Files (x86)\Yarn\bin;C:\ProgramData\chocolatey\bin;C:\Ruby23-x64\bin;C:\Users\admin\AppData\Roaming\npm;C:\Users\admin\AppData\Local\Microsoft\WindowsApps;C:\Users\admin\AppData\Local\Yarn\.bin
10 verbose lifecycle blog@1.0.0~dev: CWD: D:\react-blog
11 silly lifecycle blog@1.0.0~dev: Args: [ '/d /s /c', 'webpack-dev-server' ]
12 silly lifecycle blog@1.0.0~dev: Returned: code: 1  signal: null
13 info lifecycle blog@1.0.0~dev: Failed to exec dev script
14 verbose stack Error: blog@1.0.0 dev: `webpack-dev-server`
14 verbose stack Exit status 1
14 verbose stack     at EventEmitter.<anonymous> (C:\Users\admin\AppData\Roaming\npm\node_modules\npm\lib\utils\lifecycle.js:255:16)
14 verbose stack     at emitTwo (events.js:106:13)
14 verbose stack     at EventEmitter.emit (events.js:191:7)
14 verbose stack     at ChildProcess.<anonymous> (C:\Users\admin\AppData\Roaming\npm\node_modules\npm\lib\utils\spawn.js:40:14)
14 verbose stack     at emitTwo (events.js:106:13)
14 verbose stack     at ChildProcess.emit (events.js:191:7)
14 verbose stack     at maybeClose (internal/child_process.js:877:16)
14 verbose stack     at Process.ChildProcess._handle.onexit (internal/child_process.js:226:5)
15 verbose pkgid blog@1.0.0
16 verbose cwd D:\react-blog
17 error Windows_NT 10.0.14393
18 error argv "D:\\Program Files\\nodejs\\node.exe" "C:\\Users\\admin\\AppData\\Roaming\\npm\\node_modules\\npm\\bin\\npm-cli.js" "run" "dev"
19 error node v6.7.0
20 error npm  v3.10.8
21 error code ELIFECYCLE
22 error blog@1.0.0 dev: `webpack-dev-server`
22 error Exit status 1
23 error Failed at the blog@1.0.0 dev script 'webpack-dev-server'.
23 error Make sure you have the latest version of node.js and npm installed.
23 error If you do, this is most likely a problem with the blog package,
23 error not with npm itself.
23 error Tell the author that this fails on your system:
23 error     webpack-dev-server
23 error You can get information on how to open an issue for this project with:
23 error     npm bugs blog
23 error Or if that isn't available, you can get their info via:
23 error     npm owner ls blog
23 error There is likely additional logging output above.
24 verbose exit [ 1, true ]
